mode: set
go-shadow/internal/model/product.go:18.48,28.2 2 0
go-shadow/internal/model/product.go:30.52,38.51 3 0
go-shadow/internal/model/product.go:38.51,40.3 1 0
go-shadow/internal/model/product.go:41.2,43.12 3 0
go-shadow/internal/service/product_service.go:20.70,22.2 1 0
go-shadow/internal/service/product_service.go:24.154,26.2 1 0
go-shadow/internal/service/product_service.go:28.93,30.2 1 0
go-shadow/internal/service/product_service.go:32.87,34.2 1 0
go-shadow/internal/service/product_service.go:36.75,38.2 1 0
go-shadow/internal/util/rand.go:8.13,10.2 1 0
go-shadow/internal/util/rand.go:14.36,16.19 2 0
go-shadow/internal/util/rand.go:16.19,18.3 1 0
go-shadow/internal/util/rand.go:19.2,19.18 1 0
go-shadow/internal/util/rand.go:22.26,24.2 1 0
go-shadow/internal/model/product.go:18.48,28.2 2 0
go-shadow/internal/model/product.go:30.52,38.51 3 0
go-shadow/internal/model/product.go:38.51,40.3 1 0
go-shadow/internal/model/product.go:41.2,43.12 3 0
go-shadow/internal/repository/product_repository.go:25.60,27.2 1 1
go-shadow/internal/repository/product_repository.go:44.67,49.23 4 0
go-shadow/internal/repository/product_repository.go:49.23,53.3 3 0
go-shadow/internal/repository/product_repository.go:54.2,54.23 1 0
go-shadow/internal/repository/product_repository.go:54.23,58.3 3 0
go-shadow/internal/repository/product_repository.go:59.2,59.21 1 0
go-shadow/internal/repository/product_repository.go:59.21,63.3 3 0
go-shadow/internal/repository/product_repository.go:64.2,64.23 1 0
go-shadow/internal/repository/product_repository.go:64.23,68.3 3 0
go-shadow/internal/repository/product_repository.go:69.2,69.23 1 0
go-shadow/internal/repository/product_repository.go:69.23,73.3 3 0
go-shadow/internal/repository/product_repository.go:74.2,74.22 1 0
go-shadow/internal/repository/product_repository.go:74.22,78.3 3 0
go-shadow/internal/repository/product_repository.go:79.2,79.27 1 0
go-shadow/internal/repository/product_repository.go:79.27,83.3 3 0
go-shadow/internal/repository/product_repository.go:84.2,84.20 1 0
go-shadow/internal/repository/product_repository.go:84.20,88.3 3 0
go-shadow/internal/repository/product_repository.go:90.2,91.25 2 0
go-shadow/internal/repository/product_repository.go:91.25,93.3 1 0
go-shadow/internal/repository/product_repository.go:94.2,94.20 1 0
go-shadow/internal/repository/product_repository.go:97.159,99.29 2 1
go-shadow/internal/repository/product_repository.go:99.29,101.3 1 0
go-shadow/internal/repository/product_repository.go:103.2,103.29 1 1
go-shadow/internal/repository/product_repository.go:103.29,105.3 1 0
go-shadow/internal/repository/product_repository.go:107.2,107.27 1 1
go-shadow/internal/repository/product_repository.go:107.27,109.3 1 0
go-shadow/internal/repository/product_repository.go:110.2,110.28 1 1
go-shadow/internal/repository/product_repository.go:110.28,112.3 1 0
go-shadow/internal/repository/product_repository.go:113.2,113.26 1 1
go-shadow/internal/repository/product_repository.go:113.26,115.3 1 0
go-shadow/internal/repository/product_repository.go:116.2,116.29 1 1
go-shadow/internal/repository/product_repository.go:116.29,118.3 1 0
go-shadow/internal/repository/product_repository.go:120.2,120.29 1 1
go-shadow/internal/repository/product_repository.go:120.29,122.3 1 0
go-shadow/internal/repository/product_repository.go:124.2,124.26 1 1
go-shadow/internal/repository/product_repository.go:124.26,137.3 2 0
go-shadow/internal/repository/product_repository.go:139.2,139.18 1 1
go-shadow/internal/repository/product_repository.go:139.18,140.28 1 1
go-shadow/internal/repository/product_repository.go:140.28,142.4 1 0
go-shadow/internal/repository/product_repository.go:143.8,146.3 2 0
go-shadow/internal/repository/product_repository.go:148.2,148.19 1 1
go-shadow/internal/repository/product_repository.go:148.19,150.3 1 0
go-shadow/internal/repository/product_repository.go:150.8,150.30 1 1
go-shadow/internal/repository/product_repository.go:150.30,153.3 2 0
go-shadow/internal/repository/product_repository.go:155.2,157.22 3 1
go-shadow/internal/repository/product_repository.go:160.149,165.20 3 0
go-shadow/internal/repository/product_repository.go:165.20,169.3 3 0
go-shadow/internal/repository/product_repository.go:171.2,171.18 1 0
go-shadow/internal/repository/product_repository.go:171.18,174.3 2 0
go-shadow/internal/repository/product_repository.go:174.8,174.34 1 0
go-shadow/internal/repository/product_repository.go:174.34,176.3 1 0
go-shadow/internal/repository/product_repository.go:178.2,178.19 1 0
go-shadow/internal/repository/product_repository.go:178.19,179.21 1 0
go-shadow/internal/repository/product_repository.go:179.21,181.4 1 0
go-shadow/internal/repository/product_repository.go:182.3,183.31 2 0
go-shadow/internal/repository/product_repository.go:185.2,185.23 1 0
go-shadow/internal/repository/product_repository.go:185.23,190.3 3 0
go-shadow/internal/repository/product_repository.go:192.2,196.16 4 0
go-shadow/internal/repository/product_repository.go:196.16,198.3 1 0
go-shadow/internal/repository/product_repository.go:199.2,200.18 2 0
go-shadow/internal/repository/product_repository.go:200.18,203.17 3 0
go-shadow/internal/repository/product_repository.go:203.17,205.4 1 0
go-shadow/internal/repository/product_repository.go:206.3,206.39 1 0
go-shadow/internal/repository/product_repository.go:208.2,208.22 1 0
go-shadow/internal/repository/product_repository.go:211.90,229.2 4 1
go-shadow/internal/repository/product_repository.go:231.72,237.2 1 1
go-shadow/internal/repository/product_repository.go:239.84,245.2 1 1
go-shadow/internal/util/rand.go:8.13,10.2 1 1
go-shadow/internal/util/rand.go:14.36,16.19 2 1
go-shadow/internal/util/rand.go:16.19,18.3 1 1
go-shadow/internal/util/rand.go:19.2,19.18 1 1
go-shadow/internal/util/rand.go:22.26,24.2 1 0
go-shadow/internal/model/product.go:18.48,28.2 2 0
go-shadow/internal/model/product.go:30.52,38.51 3 0
go-shadow/internal/model/product.go:38.51,40.3 1 0
go-shadow/internal/model/product.go:41.2,43.12 3 0
go-shadow/internal/service/product_service.go:20.70,22.2 1 0
go-shadow/internal/service/product_service.go:24.154,26.2 1 0
go-shadow/internal/service/product_service.go:28.93,30.2 1 0
go-shadow/internal/service/product_service.go:32.87,34.2 1 0
go-shadow/internal/service/product_service.go:36.75,38.2 1 0
go-shadow/internal/transport/product_handler.go:18.69,22.2 1 0
go-shadow/internal/transport/product_handler.go:24.63,25.43 1 0
go-shadow/internal/transport/product_handler.go:25.43,27.3 1 0
go-shadow/internal/transport/product_handler.go:28.2,31.46 4 0
go-shadow/internal/transport/product_handler.go:35.54,38.16 3 0
go-shadow/internal/transport/product_handler.go:38.16,40.3 1 0
go-shadow/internal/transport/product_handler.go:42.2,43.16 2 0
go-shadow/internal/transport/product_handler.go:43.16,45.3 1 0
go-shadow/internal/transport/product_handler.go:47.2,48.16 2 0
go-shadow/internal/transport/product_handler.go:48.16,50.3 1 0
go-shadow/internal/transport/product_handler.go:52.2,53.33 2 0
go-shadow/internal/transport/product_handler.go:53.33,55.17 2 0
go-shadow/internal/transport/product_handler.go:55.17,58.4 2 0
go-shadow/internal/transport/product_handler.go:60.2,60.31 1 0
go-shadow/internal/transport/product_handler.go:60.31,62.17 2 0
go-shadow/internal/transport/product_handler.go:62.17,65.4 2 0
go-shadow/internal/transport/product_handler.go:67.2,67.62 1 0
go-shadow/internal/transport/product_handler.go:67.62,68.31 1 0
go-shadow/internal/transport/product_handler.go:68.31,71.4 2 0
go-shadow/internal/transport/product_handler.go:74.2,76.32 3 0
go-shadow/internal/transport/product_handler.go:76.32,78.17 2 0
go-shadow/internal/transport/product_handler.go:78.17,81.4 2 0
go-shadow/internal/transport/product_handler.go:82.3,82.16 1 0
go-shadow/internal/transport/product_handler.go:84.2,84.32 1 0
go-shadow/internal/transport/product_handler.go:84.32,86.17 2 0
go-shadow/internal/transport/product_handler.go:86.17,89.4 2 0
go-shadow/internal/transport/product_handler.go:90.3,90.16 1 0
go-shadow/internal/transport/product_handler.go:93.2,93.65 1 0
go-shadow/internal/transport/product_handler.go:93.65,96.3 2 0
go-shadow/internal/transport/product_handler.go:98.2,111.16 3 0
go-shadow/internal/transport/product_handler.go:111.16,114.3 2 0
go-shadow/internal/transport/product_handler.go:115.2,115.48 1 0
go-shadow/internal/transport/product_handler.go:118.57,120.16 2 0
go-shadow/internal/transport/product_handler.go:120.16,123.3 2 0
go-shadow/internal/transport/product_handler.go:125.2,126.16 2 0
go-shadow/internal/transport/product_handler.go:126.16,129.3 2 0
go-shadow/internal/transport/product_handler.go:130.2,130.47 1 0
go-shadow/internal/transport/product_handler.go:133.56,135.16 2 0
go-shadow/internal/transport/product_handler.go:135.16,138.3 2 0
go-shadow/internal/transport/product_handler.go:140.2,141.16 2 0
go-shadow/internal/transport/product_handler.go:141.16,144.3 2 0
go-shadow/internal/transport/product_handler.go:145.2,145.99 1 0
go-shadow/internal/transport/product_handler.go:148.53,151.16 3 0
go-shadow/internal/transport/product_handler.go:151.16,154.3 2 0
go-shadow/internal/transport/product_handler.go:156.2,157.16 2 0
go-shadow/internal/transport/product_handler.go:157.16,159.3 1 0
go-shadow/internal/transport/product_handler.go:160.2,160.98 1 0
go-shadow/internal/transport/product_handler.go:163.50,165.2 1 0
go-shadow/internal/transport/product_handler.go:167.51,169.2 1 0
